<?xml version="1.0" encoding="UTF-8"?>
<testng-results ignored="0" total="1" passed="1" failed="0" skipped="0">
  <reporter-output>
  </reporter-output>
  <suite started-at="2022-11-19T23:45:19 IST" name="Default suite" finished-at="2022-11-19T23:45:52 IST" duration-ms="33489">
    <groups>
    </groups>
    <test started-at="2022-11-19T23:45:19 IST" name="Default test" finished-at="2022-11-19T23:45:52 IST" duration-ms="33489">
      <class name="ECommerce.PageObjectModel.StandAloneMainStepDefs">
        <test-method signature="SubmitOrderTest()[pri:0, instance:ECommerce.PageObjectModel.StandAloneMainStepDefs@55634720]" started-at="2022-11-19T23:45:19 IST" name="SubmitOrderTest" finished-at="2022-11-19T23:45:52 IST" duration-ms="33388" status="PASS">
          <reporter-output>
          </reporter-output>
        </test-method> <!-- SubmitOrderTest -->
      </class> <!-- ECommerce.PageObjectModel.StandAloneMainStepDefs -->
    </test> <!-- Default test -->
  </suite> <!-- Default suite -->
</testng-results>
